nohup: ignoring input
Starting a Gradle Daemon (subsequent builds will be faster)
Exception in thread "DisconnectableInputStream source reader" org.gradle.api.UncheckedIOException: java.io.IOException: Bad file descriptor
	at org.gradle.internal.UncheckedException.throwAsUncheckedException(UncheckedException.java:62)
	at org.gradle.internal.UncheckedException.throwAsUncheckedException(UncheckedException.java:41)
	at org.gradle.util.internal.DisconnectableInputStream$1.run(DisconnectableInputStream.java:127)
	at java.base/java.lang.Thread.run(Thread.java:1583)
Caused by: java.io.IOException: Bad file descriptor
	at java.base/java.io.FileInputStream.readBytes(Native Method)
	at java.base/java.io.FileInputStream.read(FileInputStream.java:287)
	at java.base/java.io.BufferedInputStream.read1(BufferedInputStream.java:345)
	at java.base/java.io.BufferedInputStream.implRead(BufferedInputStream.java:420)
	at java.base/java.io.BufferedInputStream.read(BufferedInputStream.java:399)
	at org.gradle.util.internal.DisconnectableInputStream$1.run(DisconnectableInputStream.java:98)
	... 1 more
> Task :backend:compileJava UP-TO-DATE
> Task :backend:processResources UP-TO-DATE
> Task :backend:classes UP-TO-DATE
> Task :backend:resolveMainClassName UP-TO-DATE

> Task :backend:bootRun
  .   ____          _            __ _ _
 /\\ / ___'_ __ _ _(_)_ __  __ _ \ \ \ \
( ( )\___ | '_ | '_| | '_ \/ _` | \ \ \ \
 \\/  ___)| |_)| | | | | || (_| |  ) ) ) )
  '  |____| .__|_| |_|_| |_\__, | / / / /
 =========|_|==============|___/=/_/_/_/

 :: Spring Boot ::                (v3.3.0)

2025-09-12T09:17:19.597Z  INFO 4084 --- [  restartedMain] jp.vemi.mirel.MiplaApplication           : Starting MiplaApplication using Java 21.0.8 with PID 4084 (/workspaces/mirelplatform/backend/build/classes/java/main started by vscode in /workspaces/mirelplatform/backend)
2025-09-12T09:17:19.599Z DEBUG 4084 --- [  restartedMain] jp.vemi.mirel.MiplaApplication           : Running with Spring Boot v3.3.0, Spring v6.1.8
2025-09-12T09:17:19.600Z  INFO 4084 --- [  restartedMain] jp.vemi.mirel.MiplaApplication           : The following 1 profile is active: "dev"
2025-09-12T09:17:19.955Z  INFO 4084 --- [  restartedMain] .e.DevToolsPropertyDefaultsPostProcessor : Devtools property defaults active! Set 'spring.devtools.add-properties' to 'false' to disable
2025-09-12T09:17:19.955Z  INFO 4084 --- [  restartedMain] .e.DevToolsPropertyDefaultsPostProcessor : For additional web related logging consider setting the 'logging.level.web' property to 'DEBUG'
2025-09-12T09:17:20.756Z  INFO 4084 --- [  restartedMain] .s.d.r.c.RepositoryConfigurationDelegate : Bootstrapping Spring Data JPA repositories in DEFAULT mode.
2025-09-12T09:17:20.843Z  INFO 4084 --- [  restartedMain] .s.d.r.c.RepositoryConfigurationDelegate : Finished Spring Data repository scanning in 82 ms. Found 11 JPA repository interfaces.
2025-09-12T09:17:21.527Z  WARN 4084 --- [  restartedMain] trationDelegate$BeanPostProcessorChecker : Bean 'org.springframework.boot.autoconfigure.jdbc.DataSourceConfiguration$Hikari' of type [org.springframework.boot.autoconfigure.jdbc.DataSourceConfiguration$Hikari] is not eligible for getting processed by all BeanPostProcessors (for example: not eligible for auto-proxying). Is this bean getting eagerly injected into a currently created BeanPostProcessor [jobRegistryBeanPostProcessor]? Check the corresponding BeanPostProcessor declaration and its dependencies.
2025-09-12T09:17:21.544Z  WARN 4084 --- [  restartedMain] trationDelegate$BeanPostProcessorChecker : Bean 'spring.datasource-org.springframework.boot.autoconfigure.jdbc.DataSourceProperties' of type [org.springframework.boot.autoconfigure.jdbc.DataSourceProperties] is not eligible for getting processed by all BeanPostProcessors (for example: not eligible for auto-proxying). Is this bean getting eagerly injected into a currently created BeanPostProcessor [jobRegistryBeanPostProcessor]? Check the corresponding BeanPostProcessor declaration and its dependencies.
2025-09-12T09:17:21.554Z  WARN 4084 --- [  restartedMain] trationDelegate$BeanPostProcessorChecker : Bean 'org.springframework.boot.autoconfigure.jdbc.DataSourceAutoConfiguration$PooledDataSourceConfiguration' of type [org.springframework.boot.autoconfigure.jdbc.DataSourceAutoConfiguration$PooledDataSourceConfiguration] is not eligible for getting processed by all BeanPostProcessors (for example: not eligible for auto-proxying). Is this bean getting eagerly injected into a currently created BeanPostProcessor [jobRegistryBeanPostProcessor]? Check the corresponding BeanPostProcessor declaration and its dependencies.
2025-09-12T09:17:21.556Z  WARN 4084 --- [  restartedMain] trationDelegate$BeanPostProcessorChecker : Bean 'jdbcConnectionDetails' of type [org.springframework.boot.autoconfigure.jdbc.PropertiesJdbcConnectionDetails] is not eligible for getting processed by all BeanPostProcessors (for example: not eligible for auto-proxying). Is this bean getting eagerly injected into a currently created BeanPostProcessor [jobRegistryBeanPostProcessor]? Check the corresponding BeanPostProcessor declaration and its dependencies.
2025-09-12T09:17:21.568Z  WARN 4084 --- [  restartedMain] trationDelegate$BeanPostProcessorChecker : Bean 'dataSource' of type [com.zaxxer.hikari.HikariDataSource] is not eligible for getting processed by all BeanPostProcessors (for example: not eligible for auto-proxying). Is this bean getting eagerly injected into a currently created BeanPostProcessor [jobRegistryBeanPostProcessor]? Check the corresponding BeanPostProcessor declaration and its dependencies.
2025-09-12T09:17:21.588Z  WARN 4084 --- [  restartedMain] trationDelegate$BeanPostProcessorChecker : Bean 'spring.jpa-org.springframework.boot.autoconfigure.orm.jpa.JpaProperties' of type [org.springframework.boot.autoconfigure.orm.jpa.JpaProperties] is not eligible for getting processed by all BeanPostProcessors (for example: not eligible for auto-proxying). Is this bean getting eagerly injected into a currently created BeanPostProcessor [jobRegistryBeanPostProcessor]? Check the corresponding BeanPostProcessor declaration and its dependencies.
2025-09-12T09:17:21.591Z  WARN 4084 --- [  restartedMain] trationDelegate$BeanPostProcessorChecker : Bean 'spring.jpa.hibernate-org.springframework.boot.autoconfigure.orm.jpa.HibernateProperties' of type [org.springframework.boot.autoconfigure.orm.jpa.HibernateProperties] is not eligible for getting processed by all BeanPostProcessors (for example: not eligible for auto-proxying). Is this bean getting eagerly injected into a currently created BeanPostProcessor [jobRegistryBeanPostProcessor]? Check the corresponding BeanPostProcessor declaration and its dependencies.
2025-09-12T09:17:21.598Z  WARN 4084 --- [  restartedMain] trationDelegate$BeanPostProcessorChecker : Bean 'org.springframework.boot.autoconfigure.jdbc.metadata.DataSourcePoolMetadataProvidersConfiguration$HikariPoolDataSourceMetadataProviderConfiguration' of type [org.springframework.boot.autoconfigure.jdbc.metadata.DataSourcePoolMetadataProvidersConfiguration$HikariPoolDataSourceMetadataProviderConfiguration] is not eligible for getting processed by all BeanPostProcessors (for example: not eligible for auto-proxying). Is this bean getting eagerly injected into a currently created BeanPostProcessor [jobRegistryBeanPostProcessor]? Check the corresponding BeanPostProcessor declaration and its dependencies.
2025-09-12T09:17:21.599Z  WARN 4084 --- [  restartedMain] trationDelegate$BeanPostProcessorChecker : Bean 'hikariPoolDataSourceMetadataProvider' of type [org.springframework.boot.autoconfigure.jdbc.metadata.DataSourcePoolMetadataProvidersConfiguration$HikariPoolDataSourceMetadataProviderConfiguration$$Lambda/0x0000731720480f70] is not eligible for getting processed by all BeanPostProcessors (for example: not eligible for auto-proxying). Is this bean getting eagerly injected into a currently created BeanPostProcessor [jobRegistryBeanPostProcessor]? Check the corresponding BeanPostProcessor declaration and its dependencies.
2025-09-12T09:17:21.603Z  WARN 4084 --- [  restartedMain] trationDelegate$BeanPostProcessorChecker : Bean 'org.springframework.boot.autoconfigure.orm.jpa.HibernateJpaConfiguration' of type [org.springframework.boot.autoconfigure.orm.jpa.HibernateJpaConfiguration] is not eligible for getting processed by all BeanPostProcessors (for example: not eligible for auto-proxying). Is this bean getting eagerly injected into a currently created BeanPostProcessor [jobRegistryBeanPostProcessor]? Check the corresponding BeanPostProcessor declaration and its dependencies.
2025-09-12T09:17:21.611Z  WARN 4084 --- [  restartedMain] trationDelegate$BeanPostProcessorChecker : Bean 'org.springframework.boot.autoconfigure.transaction.TransactionManagerCustomizationAutoConfiguration' of type [org.springframework.boot.autoconfigure.transaction.TransactionManagerCustomizationAutoConfiguration] is not eligible for getting processed by all BeanPostProcessors (for example: not eligible for auto-proxying). Is this bean getting eagerly injected into a currently created BeanPostProcessor [jobRegistryBeanPostProcessor]? Check the corresponding BeanPostProcessor declaration and its dependencies.
2025-09-12T09:17:21.614Z  WARN 4084 --- [  restartedMain] trationDelegate$BeanPostProcessorChecker : Bean 'transactionExecutionListeners' of type [org.springframework.boot.autoconfigure.transaction.ExecutionListenersTransactionManagerCustomizer] is not eligible for getting processed by all BeanPostProcessors (for example: not eligible for auto-proxying). Is this bean getting eagerly injected into a currently created BeanPostProcessor [jobRegistryBeanPostProcessor]? Check the corresponding BeanPostProcessor declaration and its dependencies.
2025-09-12T09:17:21.617Z  WARN 4084 --- [  restartedMain] trationDelegate$BeanPostProcessorChecker : Bean 'spring.transaction-org.springframework.boot.autoconfigure.transaction.TransactionProperties' of type [org.springframework.boot.autoconfigure.transaction.TransactionProperties] is not eligible for getting processed by all BeanPostProcessors (for example: not eligible for auto-proxying). Is this bean getting eagerly injected into a currently created BeanPostProcessor [jobRegistryBeanPostProcessor]? Check the corresponding BeanPostProcessor declaration and its dependencies.
2025-09-12T09:17:21.619Z  WARN 4084 --- [  restartedMain] trationDelegate$BeanPostProcessorChecker : Bean 'platformTransactionManagerCustomizers' of type [org.springframework.boot.autoconfigure.transaction.TransactionManagerCustomizers] is not eligible for getting processed by all BeanPostProcessors (for example: not eligible for auto-proxying). Is this bean getting eagerly injected into a currently created BeanPostProcessor [jobRegistryBeanPostProcessor]? Check the corresponding BeanPostProcessor declaration and its dependencies.
2025-09-12T09:17:21.627Z  WARN 4084 --- [  restartedMain] trationDelegate$BeanPostProcessorChecker : Bean 'org.springframework.boot.autoconfigure.sql.init.DataSourceInitializationConfiguration' of type [org.springframework.boot.autoconfigure.sql.init.DataSourceInitializationConfiguration] is not eligible for getting processed by all BeanPostProcessors (for example: not eligible for auto-proxying). Is this bean getting eagerly injected into a currently created BeanPostProcessor [jobRegistryBeanPostProcessor]? Check the corresponding BeanPostProcessor declaration and its dependencies.
2025-09-12T09:17:21.633Z  WARN 4084 --- [  restartedMain] trationDelegate$BeanPostProcessorChecker : Bean 'spring.sql.init-org.springframework.boot.autoconfigure.sql.init.SqlInitializationProperties' of type [org.springframework.boot.autoconfigure.sql.init.SqlInitializationProperties] is not eligible for getting processed by all BeanPostProcessors (for example: not eligible for auto-proxying). Is this bean getting eagerly injected into a currently created BeanPostProcessor [jobRegistryBeanPostProcessor]? Check the corresponding BeanPostProcessor declaration and its dependencies.
2025-09-12T09:17:21.639Z  WARN 4084 --- [  restartedMain] trationDelegate$BeanPostProcessorChecker : Bean 'dataSourceScriptDatabaseInitializer' of type [org.springframework.boot.autoconfigure.sql.init.SqlDataSourceScriptDatabaseInitializer] is not eligible for getting processed by all BeanPostProcessors (for example: not eligible for auto-proxying). Is this bean getting eagerly injected into a currently created BeanPostProcessor [jobRegistryBeanPostProcessor]? Check the corresponding BeanPostProcessor declaration and its dependencies.
2025-09-12T09:17:21.643Z  WARN 4084 --- [  restartedMain] trationDelegate$BeanPostProcessorChecker : Bean 'org.springframework.boot.autoconfigure.batch.BatchAutoConfiguration$DataSourceInitializerConfiguration' of type [org.springframework.boot.autoconfigure.batch.BatchAutoConfiguration$DataSourceInitializerConfiguration] is not eligible for getting processed by all BeanPostProcessors (for example: not eligible for auto-proxying). Is this bean getting eagerly injected into a currently created BeanPostProcessor [jobRegistryBeanPostProcessor]? Check the corresponding BeanPostProcessor declaration and its dependencies.
2025-09-12T09:17:21.646Z  WARN 4084 --- [  restartedMain] trationDelegate$BeanPostProcessorChecker : Bean 'spring.batch-org.springframework.boot.autoconfigure.batch.BatchProperties' of type [org.springframework.boot.autoconfigure.batch.BatchProperties] is not eligible for getting processed by all BeanPostProcessors (for example: not eligible for auto-proxying). Is this bean getting eagerly injected into a currently created BeanPostProcessor [jobRegistryBeanPostProcessor]? Check the corresponding BeanPostProcessor declaration and its dependencies.
2025-09-12T09:17:21.658Z  INFO 4084 --- [  restartedMain] com.zaxxer.hikari.HikariDataSource       : HikariPool-1 - Starting...
2025-09-12T09:17:21.957Z  INFO 4084 --- [  restartedMain] com.zaxxer.hikari.pool.HikariPool        : HikariPool-1 - Added connection conn1: url=jdbc:h2:file:./data/mireldb user=SA
2025-09-12T09:17:21.958Z  INFO 4084 --- [  restartedMain] com.zaxxer.hikari.HikariDataSource       : HikariPool-1 - Start completed.
2025-09-12T09:17:21.995Z  WARN 4084 --- [  restartedMain] trationDelegate$BeanPostProcessorChecker : Bean 'batchDataSourceInitializer' of type [org.springframework.boot.autoconfigure.batch.BatchDataSourceScriptDatabaseInitializer] is not eligible for getting processed by all BeanPostProcessors (for example: not eligible for auto-proxying). Is this bean getting eagerly injected into a currently created BeanPostProcessor [jobRegistryBeanPostProcessor]? Check the corresponding BeanPostProcessor declaration and its dependencies.
2025-09-12T09:17:22.006Z  WARN 4084 --- [  restartedMain] trationDelegate$BeanPostProcessorChecker : Bean 'org.springframework.boot.autoconfigure.session.JdbcSessionConfiguration' of type [org.springframework.boot.autoconfigure.session.JdbcSessionConfiguration] is not eligible for getting processed by all BeanPostProcessors (for example: not eligible for auto-proxying). Is this bean getting eagerly injected into a currently created BeanPostProcessor [jobRegistryBeanPostProcessor]? Check the corresponding BeanPostProcessor declaration and its dependencies.
2025-09-12T09:17:22.023Z  WARN 4084 --- [  restartedMain] trationDelegate$BeanPostProcessorChecker : Bean 'spring.session.jdbc-org.springframework.boot.autoconfigure.session.JdbcSessionProperties' of type [org.springframework.boot.autoconfigure.session.JdbcSessionProperties] is not eligible for getting processed by all BeanPostProcessors (for example: not eligible for auto-proxying). Is this bean getting eagerly injected into a currently created BeanPostProcessor [jobRegistryBeanPostProcessor]? Check the corresponding BeanPostProcessor declaration and its dependencies.
2025-09-12T09:17:22.052Z  WARN 4084 --- [  restartedMain] trationDelegate$BeanPostProcessorChecker : Bean 'jdbcSessionDataSourceScriptDatabaseInitializer' of type [org.springframework.boot.autoconfigure.session.JdbcSessionDataSourceScriptDatabaseInitializer] is not eligible for getting processed by all BeanPostProcessors (for example: not eligible for auto-proxying). Is this bean getting eagerly injected into a currently created BeanPostProcessor [jobRegistryBeanPostProcessor]? Check the corresponding BeanPostProcessor declaration and its dependencies.
2025-09-12T09:17:22.054Z  WARN 4084 --- [  restartedMain] trationDelegate$BeanPostProcessorChecker : Bean 'org.springframework.boot.devtools.autoconfigure.DevToolsDataSourceAutoConfiguration' of type [org.springframework.boot.devtools.autoconfigure.DevToolsDataSourceAutoConfiguration] is not eligible for getting processed by all BeanPostProcessors (for example: not eligible for auto-proxying). Is this bean getting eagerly injected into a currently created BeanPostProcessor [jobRegistryBeanPostProcessor]? Check the corresponding BeanPostProcessor declaration and its dependencies.
2025-09-12T09:17:22.057Z  WARN 4084 --- [  restartedMain] trationDelegate$BeanPostProcessorChecker : Bean 'inMemoryDatabaseShutdownExecutor' of type [org.springframework.boot.devtools.autoconfigure.DevToolsDataSourceAutoConfiguration$NonEmbeddedInMemoryDatabaseShutdownExecutor] is not eligible for getting processed by all BeanPostProcessors (for example: not eligible for auto-proxying). Is this bean getting eagerly injected into a currently created BeanPostProcessor [jobRegistryBeanPostProcessor]? Check the corresponding BeanPostProcessor declaration and its dependencies.
2025-09-12T09:17:22.071Z  WARN 4084 --- [  restartedMain] trationDelegate$BeanPostProcessorChecker : Bean 'jpaVendorAdapter' of type [org.springframework.orm.jpa.vendor.HibernateJpaVendorAdapter] is not eligible for getting processed by all BeanPostProcessors (for example: not eligible for auto-proxying). Is this bean getting eagerly injected into a currently created BeanPostProcessor [jobRegistryBeanPostProcessor]? Check the corresponding BeanPostProcessor declaration and its dependencies.
2025-09-12T09:17:22.076Z  WARN 4084 --- [  restartedMain] trationDelegate$BeanPostProcessorChecker : Bean 'entityManagerFactoryBuilder' of type [org.springframework.boot.orm.jpa.EntityManagerFactoryBuilder] is not eligible for getting processed by all BeanPostProcessors (for example: not eligible for auto-proxying). Is this bean getting eagerly injected into a currently created BeanPostProcessor [jobRegistryBeanPostProcessor]? Check the corresponding BeanPostProcessor declaration and its dependencies.
2025-09-12T09:17:22.089Z  WARN 4084 --- [  restartedMain] trationDelegate$BeanPostProcessorChecker : Bean 'persistenceManagedTypes' of type [org.springframework.orm.jpa.persistenceunit.SimplePersistenceManagedTypes] is not eligible for getting processed by all BeanPostProcessors (for example: not eligible for auto-proxying). Is this bean getting eagerly injected into a currently created BeanPostProcessor [jobRegistryBeanPostProcessor]? Check the corresponding BeanPostProcessor declaration and its dependencies.
2025-09-12T09:17:22.116Z  INFO 4084 --- [  restartedMain] o.hibernate.jpa.internal.util.LogHelper  : HHH000204: Processing PersistenceUnitInfo [name: default]
2025-09-12T09:17:22.163Z  INFO 4084 --- [  restartedMain] org.hibernate.Version                    : HHH000412: Hibernate ORM core version 6.6.1.Final
2025-09-12T09:17:22.190Z  INFO 4084 --- [  restartedMain] o.h.c.internal.RegionFactoryInitiator    : HHH000026: Second-level cache disabled
2025-09-12T09:17:22.487Z  INFO 4084 --- [  restartedMain] o.s.o.j.p.SpringPersistenceUnitInfo      : No LoadTimeWeaver setup: ignoring JPA class transformer
2025-09-12T09:17:22.533Z  WARN 4084 --- [  restartedMain] org.hibernate.orm.deprecation            : HHH90000025: H2Dialect does not need to be specified explicitly using 'hibernate.dialect' (remove the property setting and it will be selected by default)
2025-09-12T09:17:22.545Z  INFO 4084 --- [  restartedMain] org.hibernate.orm.connections.pooling    : HHH10001005: Database info:
	Database JDBC URL [Connecting through datasource 'HikariDataSource (HikariPool-1)']
	Database driver: undefined/unknown
	Database version: 2.1.214
	Autocommit mode: undefined/unknown
	Isolation level: undefined/unknown
	Minimum pool size: undefined/unknown
	Maximum pool size: undefined/unknown
2025-09-12T09:17:22.809Z  WARN 4084 --- [  restartedMain] org.hibernate.mapping.RootClass          : HHH000038: Composite-id class does not override equals(): jp.vemi.mirel.foundation.abst.dao.entity.Code$PK
2025-09-12T09:17:22.809Z  WARN 4084 --- [  restartedMain] org.hibernate.mapping.RootClass          : HHH000039: Composite-id class does not override hashCode(): jp.vemi.mirel.foundation.abst.dao.entity.Code$PK
2025-09-12T09:17:22.811Z  WARN 4084 --- [  restartedMain] org.hibernate.mapping.RootClass          : HHH000038: Composite-id class does not override equals(): jp.vemi.mirel.foundation.abst.dao.entity.CodeCategory$PK
2025-09-12T09:17:22.813Z  WARN 4084 --- [  restartedMain] org.hibernate.mapping.RootClass          : HHH000039: Composite-id class does not override hashCode(): jp.vemi.mirel.foundation.abst.dao.entity.CodeCategory$PK
2025-09-12T09:17:23.435Z  INFO 4084 --- [  restartedMain] o.h.e.t.j.p.i.JtaPlatformInitiator       : HHH000489: No JTA platform available (set 'hibernate.transaction.jta.platform' to enable JTA platform integration)
2025-09-12T09:17:23.478Z  INFO 4084 --- [  restartedMain] j.LocalContainerEntityManagerFactoryBean : Initialized JPA EntityManagerFactory for persistence unit 'default'
2025-09-12T09:17:23.482Z  WARN 4084 --- [  restartedMain] trationDelegate$BeanPostProcessorChecker : Bean 'entityManagerFactory' of type [org.springframework.orm.jpa.LocalContainerEntityManagerFactoryBean] is not eligible for getting processed by all BeanPostProcessors (for example: not eligible for auto-proxying). Is this bean getting eagerly injected into a currently created BeanPostProcessor [jobRegistryBeanPostProcessor]? Check the corresponding BeanPostProcessor declaration and its dependencies.
2025-09-12T09:17:23.489Z  WARN 4084 --- [  restartedMain] trationDelegate$BeanPostProcessorChecker : Bean 'entityManagerFactory' of type [jdk.proxy4.$Proxy148] is not eligible for getting processed by all BeanPostProcessors (for example: not eligible for auto-proxying). Is this bean getting eagerly injected into a currently created BeanPostProcessor [jobRegistryBeanPostProcessor]? Check the corresponding BeanPostProcessor declaration and its dependencies.
2025-09-12T09:17:23.503Z  WARN 4084 --- [  restartedMain] trationDelegate$BeanPostProcessorChecker : Bean 'transactionManager' of type [org.springframework.orm.jpa.JpaTransactionManager] is not eligible for getting processed by all BeanPostProcessors (for example: not eligible for auto-proxying). Is this bean getting eagerly injected into a currently created BeanPostProcessor [jobRegistryBeanPostProcessor]? Check the corresponding BeanPostProcessor declaration and its dependencies.
2025-09-12T09:17:23.521Z  WARN 4084 --- [  restartedMain] trationDelegate$BeanPostProcessorChecker : Bean 'org.springframework.boot.autoconfigure.batch.BatchAutoConfiguration$SpringBootBatchConfiguration' of type [org.springframework.boot.autoconfigure.batch.BatchAutoConfiguration$SpringBootBatchConfiguration] is not eligible for getting processed by all BeanPostProcessors (for example: not eligible for auto-proxying). The currently created BeanPostProcessor [jobRegistryBeanPostProcessor] is declared through a non-static factory method on that class; consider declaring it as static instead.
2025-09-12T09:17:23.905Z  INFO 4084 --- [  restartedMain] o.s.b.w.embedded.tomcat.TomcatWebServer  : Tomcat initialized with port 3000 (http)
2025-09-12T09:17:23.915Z  INFO 4084 --- [  restartedMain] o.apache.catalina.core.StandardService   : Starting service [Tomcat]
2025-09-12T09:17:23.916Z  INFO 4084 --- [  restartedMain] o.apache.catalina.core.StandardEngine    : Starting Servlet engine: [Apache Tomcat/10.1.24]
2025-09-12T09:17:23.954Z  INFO 4084 --- [  restartedMain] o.a.c.c.C.[.[localhost].[/mipla2]        : Initializing Spring embedded WebApplicationContext
2025-09-12T09:17:23.955Z  INFO 4084 --- [  restartedMain] w.s.c.ServletWebServerApplicationContext : Root WebApplicationContext: initialization completed in 3997 ms
2025-09-12T09:17:24.059Z  INFO 4084 --- [  restartedMain] o.s.b.a.h2.H2ConsoleAutoConfiguration    : H2 console available at '/h2-console'. Database available at 'jdbc:h2:file:./data/mireldb'
2025-09-12T09:17:24.176Z DEBUG 4084 --- [  restartedMain] o.s.w.f.ServerHttpObservationFilter      : Filter 'webMvcObservationFilter' configured for use
2025-09-12T09:17:24.577Z  INFO 4084 --- [  restartedMain] o.s.d.j.r.query.QueryEnhancerFactory     : Hibernate is in classpath; If applicable, HQL parser will be used.
2025-09-12T09:17:25.224Z  WARN 4084 --- [  restartedMain] JpaBaseConfiguration$JpaWebConfiguration : spring.jpa.open-in-view is enabled by default. Therefore, database queries may be performed during view rendering. Explicitly configure spring.jpa.open-in-view to disable this warning
2025-09-12T09:17:25.400Z  INFO 4084 --- [  restartedMain] r$InitializeUserDetailsManagerConfigurer : Global AuthenticationManager configured with UserDetailsService bean with name userDetailsService
2025-09-12T09:17:25.766Z DEBUG 4084 --- [  restartedMain] s.w.s.m.m.a.RequestMappingHandlerMapping : 13 mappings in 'requestMappingHandlerMapping'
2025-09-12T09:17:25.776Z DEBUG 4084 --- [  restartedMain] o.s.w.s.handler.SimpleUrlHandlerMapping  : Patterns [/] in 'viewControllerHandlerMapping'
2025-09-12T09:17:25.901Z DEBUG 4084 --- [  restartedMain] o.s.w.s.handler.SimpleUrlHandlerMapping  : Patterns [/webjars/**, /**] in 'resourceHandlerMapping'
2025-09-12T09:17:26.018Z  INFO 4084 --- [  restartedMain] o.s.b.a.e.web.EndpointLinksResolver      : Exposing 1 endpoint beneath base path '/actuator'
2025-09-12T09:17:26.322Z  INFO 4084 --- [  restartedMain] o.s.s.web.DefaultSecurityFilterChain     : Will secure any request with [org.springframework.security.web.session.DisableEncodeUrlFilter@7b64f790, org.springframework.security.web.context.request.async.WebAsyncManagerIntegrationFilter@2e1de19f, org.springframework.security.web.context.SecurityContextHolderFilter@272a2aac, org.springframework.security.web.header.HeaderWriterFilter@5e77563b, org.springframework.web.filter.CorsFilter@ba2e638, org.springframework.security.web.authentication.logout.LogoutFilter@24e57d2b, org.springframework.security.web.authentication.UsernamePasswordAuthenticationFilter@4c9c872, org.springframework.security.web.savedrequest.RequestCacheAwareFilter@3e09108e, org.springframework.security.web.servletapi.SecurityContextHolderAwareRequestFilter@263c2485, org.springframework.security.web.authentication.AnonymousAuthenticationFilter@13c8d63c, org.springframework.security.web.access.ExceptionTranslationFilter@49549288, org.springframework.security.web.access.intercept.AuthorizationFilter@7d330450]
2025-09-12T09:17:26.556Z DEBUG 4084 --- [  restartedMain] s.w.s.m.m.a.RequestMappingHandlerAdapter : ControllerAdvice beans: 0 @ModelAttribute, 0 @InitBinder, 1 RequestBodyAdvice, 1 ResponseBodyAdvice
2025-09-12T09:17:26.600Z DEBUG 4084 --- [  restartedMain] .m.m.a.ExceptionHandlerExceptionResolver : ControllerAdvice beans: 0 @ExceptionHandler, 1 ResponseBodyAdvice
2025-09-12T09:17:26.911Z  INFO 4084 --- [  restartedMain] org.quartz.impl.StdSchedulerFactory      : Using default implementation for ThreadExecutor
2025-09-12T09:17:26.922Z  INFO 4084 --- [  restartedMain] org.quartz.core.SchedulerSignalerImpl    : Initialized Scheduler Signaller of type: class org.quartz.core.SchedulerSignalerImpl
2025-09-12T09:17:26.922Z  INFO 4084 --- [  restartedMain] org.quartz.core.QuartzScheduler          : Quartz Scheduler v.2.3.2 created.
2025-09-12T09:17:26.923Z  INFO 4084 --- [  restartedMain] org.quartz.simpl.RAMJobStore             : RAMJobStore initialized.
2025-09-12T09:17:26.925Z  INFO 4084 --- [  restartedMain] org.quartz.core.QuartzScheduler          : Scheduler meta-data: Quartz Scheduler (v2.3.2) 'quartzScheduler' with instanceId 'NON_CLUSTERED'
  Scheduler class: 'org.quartz.core.QuartzScheduler' - running locally.
  NOT STARTED.
  Currently in standby mode.
  Number of jobs executed: 0
  Using thread pool 'org.quartz.simpl.SimpleThreadPool' - with 10 threads.
  Using job-store 'org.quartz.simpl.RAMJobStore' - which does not support persistence. and is not clustered.

2025-09-12T09:17:26.926Z  INFO 4084 --- [  restartedMain] org.quartz.impl.StdSchedulerFactory      : Quartz scheduler 'quartzScheduler' initialized from an externally provided properties instance.
2025-09-12T09:17:26.926Z  INFO 4084 --- [  restartedMain] org.quartz.impl.StdSchedulerFactory      : Quartz scheduler version: 2.3.2
2025-09-12T09:17:26.926Z  INFO 4084 --- [  restartedMain] org.quartz.core.QuartzScheduler          : JobFactory set to: org.springframework.scheduling.quartz.SpringBeanJobFactory@14022e80
2025-09-12T09:17:27.397Z DEBUG 4084 --- [  restartedMain] o.s.w.s.v.f.FreeMarkerConfigurer         : File system access not preferred: using SpringTemplateLoader
2025-09-12T09:17:27.631Z  INFO 4084 --- [  restartedMain] o.s.b.d.a.OptionalLiveReloadServer       : LiveReload server is running on port 35729
2025-09-12T09:17:27.686Z  INFO 4084 --- [  restartedMain] o.s.b.w.embedded.tomcat.TomcatWebServer  : Tomcat started on port 3000 (http) with context path '/mipla2'
2025-09-12T09:17:27.688Z  INFO 4084 --- [  restartedMain] o.s.s.quartz.SchedulerFactoryBean        : Starting Quartz Scheduler now
2025-09-12T09:17:27.688Z  INFO 4084 --- [  restartedMain] org.quartz.core.QuartzScheduler          : Scheduler quartzScheduler_$_NON_CLUSTERED started.
2025-09-12T09:17:27.700Z  INFO 4084 --- [  restartedMain] jp.vemi.mirel.MiplaApplication           : Started MiplaApplication in 8.62 seconds (process running for 9.275)
2025-09-12T09:17:27.800Z  INFO 4084 --- [  restartedMain] o.s.b.a.b.JobLauncherApplicationRunner   : Running default command line with: []
2025-09-12T09:27:23.916Z  INFO 4084 --- [nio-3000-exec-8] o.a.c.c.C.[.[localhost].[/mipla2]        : Initializing Spring DispatcherServlet 'dispatcherServlet'
2025-09-12T09:27:23.918Z  INFO 4084 --- [nio-3000-exec-8] o.s.web.servlet.DispatcherServlet        : Initializing Servlet 'dispatcherServlet'
2025-09-12T09:27:23.918Z DEBUG 4084 --- [nio-3000-exec-8] o.s.web.servlet.DispatcherServlet        : Detected StandardServletMultipartResolver
2025-09-12T09:27:23.918Z DEBUG 4084 --- [nio-3000-exec-8] o.s.web.servlet.DispatcherServlet        : Detected AcceptHeaderLocaleResolver
2025-09-12T09:27:23.918Z DEBUG 4084 --- [nio-3000-exec-8] o.s.web.servlet.DispatcherServlet        : Detected FixedThemeResolver
2025-09-12T09:27:23.921Z DEBUG 4084 --- [nio-3000-exec-8] o.s.web.servlet.DispatcherServlet        : Detected org.springframework.web.servlet.view.DefaultRequestToViewNameTranslator@60709d1e
2025-09-12T09:27:23.921Z DEBUG 4084 --- [nio-3000-exec-8] o.s.web.servlet.DispatcherServlet        : Detected org.springframework.web.servlet.support.SessionFlashMapManager@7afe67b6
2025-09-12T09:27:23.923Z DEBUG 4084 --- [nio-3000-exec-8] o.s.web.servlet.DispatcherServlet        : enableLoggingRequestDetails='false': request parameters and headers will be masked to prevent unsafe logging of potentially sensitive data
2025-09-12T09:27:23.923Z  INFO 4084 --- [nio-3000-exec-8] o.s.web.servlet.DispatcherServlet        : Completed initialization in 5 ms
2025-09-12T09:27:23.995Z DEBUG 4084 --- [nio-3000-exec-8] o.s.security.web.FilterChainProxy        : Securing POST /apps/mste/api/suggest
2025-09-12T09:27:24.042Z DEBUG 4084 --- [nio-3000-exec-8] o.s.security.web.FilterChainProxy        : Secured POST /apps/mste/api/suggest
2025-09-12T09:27:24.047Z DEBUG 4084 --- [nio-3000-exec-8] o.s.web.servlet.DispatcherServlet        : POST "/mipla2/apps/mste/api/suggest", parameters={}
2025-09-12T09:27:24.059Z DEBUG 4084 --- [nio-3000-exec-8] s.w.s.m.m.a.RequestMappingHandlerMapping : Mapped to jp.vemi.mirel.apps.mste.application.controller.ApiController#index(Map, String)
2025-09-12T09:27:24.288Z DEBUG 4084 --- [nio-3000-exec-8] m.m.a.RequestResponseBodyMethodProcessor : Read "application/json;charset=UTF-8" to [{content={stencilCategoy=*, stencilCanonicalName=*, serialNo=*}}]
{content={stencilCategoy=*, stencilCanonicalName=*, serialNo=*}}
<200 OK OK,ApiResponse(data=jp.vemi.mirel.apps.mste.domain.dto.SuggestResult@467c6dc[fltStrSerialNo=jp.vemi.mirel.foundation.web.model.ValueTextItems@3ee2ed85[items=[],selected=<null>],fltStrStencilCategory=jp.vemi.mirel.foundation.web.model.ValueTextItems@4c2dbcec[items=[],selected=*],fltStrStencilCd=jp.vemi.mirel.foundation.web.model.ValueTextItems@6a81efa1[items=[],selected=*],params=<null>,stencil=<null>], messages=null, errors=null),[]>
2025-09-12T09:27:24.414Z DEBUG 4084 --- [nio-3000-exec-8] o.s.w.s.m.m.a.HttpEntityMethodProcessor  : Using 'application/json', given [application/json, text/plain, */*] and supported [application/json, application/*+json]
2025-09-12T09:27:24.416Z DEBUG 4084 --- [nio-3000-exec-8] o.s.w.s.m.m.a.HttpEntityMethodProcessor  : Writing [ApiResponse(data=jp.vemi.mirel.apps.mste.domain.dto.SuggestResult@467c6dc[fltStrSerialNo=jp.vemi.mir (truncated)...]
2025-09-12T09:27:24.435Z  INFO 4084 --- [nio-3000-exec-8] request                                  : RESPONSE: POST /mipla2/apps/mste/api/suggest (Status: 200)
2025-09-12T09:27:24.436Z DEBUG 4084 --- [nio-3000-exec-8] o.s.web.servlet.DispatcherServlet        : Completed 200 OK
2025-09-12T09:27:24.440Z DEBUG 4084 --- [nio-3000-exec-8] o.s.s.w.a.AnonymousAuthenticationFilter  : Set SecurityContextHolder to anonymous SecurityContext
2025-09-12T09:27:41.577Z DEBUG 4084 --- [nio-3000-exec-1] o.s.security.web.FilterChainProxy        : Securing POST /apps/mste/api/suggest
2025-09-12T09:27:41.579Z DEBUG 4084 --- [nio-3000-exec-1] o.s.security.web.FilterChainProxy        : Secured POST /apps/mste/api/suggest
2025-09-12T09:27:41.579Z DEBUG 4084 --- [nio-3000-exec-1] o.s.web.servlet.DispatcherServlet        : POST "/mipla2/apps/mste/api/suggest", parameters={}
2025-09-12T09:27:41.579Z DEBUG 4084 --- [nio-3000-exec-1] s.w.s.m.m.a.RequestMappingHandlerMapping : Mapped to jp.vemi.mirel.apps.mste.application.controller.ApiController#index(Map, String)
2025-09-12T09:27:41.580Z DEBUG 4084 --- [nio-3000-exec-1] m.m.a.RequestResponseBodyMethodProcessor : Read "application/json;charset=UTF-8" to [{content={stencilCategoy=*, stencilCanonicalName=*, serialNo=*}}]
{content={stencilCategoy=*, stencilCanonicalName=*, serialNo=*}}
<200 OK OK,ApiResponse(data=jp.vemi.mirel.apps.mste.domain.dto.SuggestResult@42417b20[fltStrSerialNo=jp.vemi.mirel.foundation.web.model.ValueTextItems@4a82aa6b[items=[],selected=<null>],fltStrStencilCategory=jp.vemi.mirel.foundation.web.model.ValueTextItems@64f2c86d[items=[],selected=*],fltStrStencilCd=jp.vemi.mirel.foundation.web.model.ValueTextItems@2d2b2bf4[items=[],selected=*],params=<null>,stencil=<null>], messages=null, errors=null),[]>
2025-09-12T09:27:41.586Z DEBUG 4084 --- [nio-3000-exec-1] o.s.w.s.m.m.a.HttpEntityMethodProcessor  : Using 'application/json', given [application/json, text/plain, */*] and supported [application/json, application/*+json]
2025-09-12T09:27:41.586Z DEBUG 4084 --- [nio-3000-exec-1] o.s.w.s.m.m.a.HttpEntityMethodProcessor  : Writing [ApiResponse(data=jp.vemi.mirel.apps.mste.domain.dto.SuggestResult@42417b20[fltStrSerialNo=jp.vemi.mi (truncated)...]
2025-09-12T09:27:41.587Z  INFO 4084 --- [nio-3000-exec-1] request                                  : RESPONSE: POST /mipla2/apps/mste/api/suggest (Status: 200)
2025-09-12T09:27:41.587Z DEBUG 4084 --- [nio-3000-exec-1] o.s.web.servlet.DispatcherServlet        : Completed 200 OK
2025-09-12T09:27:41.587Z DEBUG 4084 --- [nio-3000-exec-1] o.s.s.w.a.AnonymousAuthenticationFilter  : Set SecurityContextHolder to anonymous SecurityContext
